<?xml version="1.0" encoding="UTF-8"?>
<testsuite xmlns:xsi="http://www.w3.org/2001/XMLSchema-instance" xsi:noNamespaceSchemaLocation="https://maven.apache.org/surefire/maven-surefire-plugin/xsd/surefire-test-report.xsd" name="HuffmanTest" time="0.168" tests="3" errors="0" skipped="0" failures="0">
  <properties>
    <property name="java.specification.version" value="14"/>
    <property name="sun.jnu.encoding" value="UTF-8"/>
    <property name="java.class.path" value="/Users/felixangelobaptistmbikogbia/SeniorYear/Semester-1/Software Engineering-2/FileCompression/target/test-classes:/Users/felixangelobaptistmbikogbia/SeniorYear/Semester-1/Software Engineering-2/FileCompression/target/classes:/Users/felixangelobaptistmbikogbia/.m2/repository/junit/junit/4.11/junit-4.11.jar:/Users/felixangelobaptistmbikogbia/.m2/repository/org/hamcrest/hamcrest-core/1.3/hamcrest-core-1.3.jar:/Users/felixangelobaptistmbikogbia/.m2/repository/commons-io/commons-io/2.6/commons-io-2.6.jar:"/>
    <property name="java.vm.vendor" value="Oracle Corporation"/>
    <property name="sun.arch.data.model" value="64"/>
    <property name="java.vendor.url" value="https://openjdk.java.net/"/>
    <property name="os.name" value="Mac OS X"/>
    <property name="java.vm.specification.version" value="14"/>
    <property name="sun.java.launcher" value="SUN_STANDARD"/>
    <property name="user.country" value="US"/>
    <property name="sun.boot.library.path" value="/usr/local/Cellar/openjdk/14.0.1/libexec/openjdk.jdk/Contents/Home/lib"/>
    <property name="sun.java.command" value="/Users/felixangelobaptistmbikogbia/SeniorYear/Semester-1/Software Engineering-2/FileCompression/target/surefire/surefirebooter7549571149370581205.jar /Users/felixangelobaptistmbikogbia/SeniorYear/Semester-1/Software Engineering-2/FileCompression/target/surefire 2020-11-30T20-04-45_896-jvmRun1 surefire12506070379956640319tmp surefire_017946500364719202514tmp"/>
    <property name="http.nonProxyHosts" value="local|*.local|169.254/16|*.169.254/16"/>
    <property name="jdk.debug" value="release"/>
    <property name="surefire.test.class.path" value="/Users/felixangelobaptistmbikogbia/SeniorYear/Semester-1/Software Engineering-2/FileCompression/target/test-classes:/Users/felixangelobaptistmbikogbia/SeniorYear/Semester-1/Software Engineering-2/FileCompression/target/classes:/Users/felixangelobaptistmbikogbia/.m2/repository/junit/junit/4.11/junit-4.11.jar:/Users/felixangelobaptistmbikogbia/.m2/repository/org/hamcrest/hamcrest-core/1.3/hamcrest-core-1.3.jar:/Users/felixangelobaptistmbikogbia/.m2/repository/commons-io/commons-io/2.6/commons-io-2.6.jar:"/>
    <property name="sun.cpu.endian" value="little"/>
    <property name="user.home" value="/Users/felixangelobaptistmbikogbia"/>
    <property name="user.language" value="en"/>
    <property name="java.specification.vendor" value="Oracle Corporation"/>
    <property name="java.version.date" value="2020-04-14"/>
    <property name="java.home" value="/usr/local/Cellar/openjdk/14.0.1/libexec/openjdk.jdk/Contents/Home"/>
    <property name="file.separator" value="/"/>
    <property name="basedir" value="/Users/felixangelobaptistmbikogbia/SeniorYear/Semester-1/Software Engineering-2/FileCompression"/>
    <property name="java.vm.compressedOopsMode" value="Zero based"/>
    <property name="line.separator" value="&#10;"/>
    <property name="java.specification.name" value="Java Platform API Specification"/>
    <property name="java.vm.specification.vendor" value="Oracle Corporation"/>
    <property name="surefire.real.class.path" value="/Users/felixangelobaptistmbikogbia/SeniorYear/Semester-1/Software Engineering-2/FileCompression/target/surefire/surefirebooter7549571149370581205.jar"/>
    <property name="sun.management.compiler" value="HotSpot 64-Bit Tiered Compilers"/>
    <property name="ftp.nonProxyHosts" value="local|*.local|169.254/16|*.169.254/16"/>
    <property name="java.runtime.version" value="14.0.1+14"/>
    <property name="user.name" value="felixmbikogbia"/>
    <property name="path.separator" value=":"/>
    <property name="os.version" value="10.15.7"/>
    <property name="java.runtime.name" value="OpenJDK Runtime Environment"/>
    <property name="file.encoding" value="UTF-8"/>
    <property name="java.vm.name" value="OpenJDK 64-Bit Server VM"/>
    <property name="localRepository" value="/Users/felixangelobaptistmbikogbia/.m2/repository"/>
    <property name="java.vendor.url.bug" value="https://bugreport.java.com/bugreport/"/>
    <property name="java.io.tmpdir" value="/var/folders/lp/1mmn42d10dd47sfczrxcpf680000gn/T/"/>
    <property name="java.version" value="14.0.1"/>
    <property name="user.dir" value="/Users/felixangelobaptistmbikogbia/SeniorYear/Semester-1/Software Engineering-2/FileCompression"/>
    <property name="os.arch" value="x86_64"/>
    <property name="java.vm.specification.name" value="Java Virtual Machine Specification"/>
    <property name="java.library.path" value="/Users/felixangelobaptistmbikogbia/Library/Java/Extensions:/Library/Java/Extensions:/Network/Library/Java/Extensions:/System/Library/Java/Extensions:/usr/lib/java:."/>
    <property name="java.vm.info" value="mixed mode, sharing"/>
    <property name="java.vendor" value="N/A"/>
    <property name="java.vm.version" value="14.0.1+14"/>
    <property name="sun.io.unicode.encoding" value="UnicodeBig"/>
    <property name="socksNonProxyHosts" value="local|*.local|169.254/16|*.169.254/16"/>
    <property name="java.class.version" value="58.0"/>
  </properties>
  <testcase name="RandomContentGenerator" classname="HuffmanTest" time="0.08"/>
  <testcase name="wrongNumberOfArguments" classname="HuffmanTest" time="0.001"/>
  <testcase name="fileDoNotExist" classname="HuffmanTest" time="0.001"/>
</testsuite>